NhacKhongLoi/proguard/seeds.txt
info.nkl.alpha.MainActivity
info.nkl.alpha.MainActivity: MainActivity()
info.nkl.alpha.R$anim: int fade_in
info.nkl.alpha.R$anim: int fade_out
info.nkl.alpha.R$anim: int left_to_right_in
info.nkl.alpha.R$anim: int left_to_right_out
info.nkl.alpha.R$anim: int pop_in
info.nkl.alpha.R$anim: int pop_out
info.nkl.alpha.R$anim: int right_to_left_in
info.nkl.alpha.R$anim: int right_to_left_out
info.nkl.alpha.R$anim: int rotate_spinner
info.nkl.alpha.R$anim: int section_come_in
info.nkl.alpha.R$anim: int section_come_out
info.nkl.alpha.R$anim: int slide_bottom_to_up
info.nkl.alpha.R$anim: int slide_in_from_bottom
info.nkl.alpha.R$anim: int slide_in_from_top
info.nkl.alpha.R$anim: int slide_out_to_bottom
info.nkl.alpha.R$anim: int slide_out_to_top
info.nkl.alpha.R$anim: int slide_top_to_bottom
info.nkl.alpha.R$anim: int slide_up_in
info.nkl.alpha.R$anim: int slide_up_out
info.nkl.alpha.R$anim: int splash_out
info.nkl.alpha.R$attr: int aboveTouchMode
info.nkl.alpha.R$attr: int behindFadeDegree
info.nkl.alpha.R$attr: int behindFadeEnabled
info.nkl.alpha.R$attr: int behindOffset
info.nkl.alpha.R$attr: int behindScrollScale
info.nkl.alpha.R$attr: int behindTouchMode
info.nkl.alpha.R$attr: int behindWidth
info.nkl.alpha.R$attr: int ptrAdapterViewBackground
info.nkl.alpha.R$attr: int ptrAnimationStyle
info.nkl.alpha.R$attr: int ptrDrawable
info.nkl.alpha.R$attr: int ptrDrawableBottom
info.nkl.alpha.R$attr: int ptrDrawableTop
info.nkl.alpha.R$attr: int ptrHeaderBackground
info.nkl.alpha.R$attr: int ptrHeaderSubTextColor
info.nkl.alpha.R$attr: int ptrHeaderTextAppearance
info.nkl.alpha.R$attr: int ptrHeaderTextColor
info.nkl.alpha.R$attr: int ptrMode
info.nkl.alpha.R$attr: int ptrOverScroll
info.nkl.alpha.R$attr: int ptrShowIndicator
info.nkl.alpha.R$attr: int ptrSubHeaderTextAppearance
info.nkl.alpha.R$attr: int roboto_style
info.nkl.alpha.R$attr: int selectorDrawable
info.nkl.alpha.R$attr: int selectorEnabled
info.nkl.alpha.R$attr: int shadowDrawable
info.nkl.alpha.R$attr: int shadowWidth
info.nkl.alpha.R$attr: int viewAbove
info.nkl.alpha.R$attr: int viewBehind
info.nkl.alpha.R$bool: int ga_autoActivityTracking
info.nkl.alpha.R$bool: int ga_reportUncaughtExceptions
info.nkl.alpha.R$color: int holo_blue_bright
info.nkl.alpha.R$dimen: int header_footer_internal_padding
info.nkl.alpha.R$dimen: int header_footer_left_right_padding
info.nkl.alpha.R$dimen: int header_footer_top_bottom_padding
info.nkl.alpha.R$dimen: int indicator_corner_radius
info.nkl.alpha.R$dimen: int indicator_internal_padding
info.nkl.alpha.R$dimen: int indicator_right_padding
info.nkl.alpha.R$dimen: int menu_header_line
info.nkl.alpha.R$dimen: int menu_header_padding_top
info.nkl.alpha.R$dimen: int menu_icon_side
info.nkl.alpha.R$dimen: int menu_item_padding
info.nkl.alpha.R$dimen: int padding_large
info.nkl.alpha.R$dimen: int padding_medium
info.nkl.alpha.R$dimen: int padding_small
...
org.acra.collector.MediaCodecListCollector$1
org.acra.collector.MediaCodecListCollector$1: int[] $SwitchMap$org$acra$collector$MediaCodecListCollector$CodecType
org.acra.collector.MediaCodecListCollector$1: void <clinit>()
org.acra.collector.MediaCodecListCollector$CodecType
org.acra.collector.MediaCodecListCollector$CodecType: org.acra.collector.MediaCodecListCollector$CodecType AVC
org.acra.collector.MediaCodecListCollector$CodecType: org.acra.collector.MediaCodecListCollector$CodecType H263
org.acra.collector.MediaCodecListCollector$CodecType: org.acra.collector.MediaCodecListCollector$CodecType MPEG4
org.acra.collector.MediaCodecListCollector$CodecType: org.acra.collector.MediaCodecListCollector$CodecType AAC
org.acra.collector.MediaCodecListCollector$CodecType: org.acra.collector.MediaCodecListCollector$CodecType[] $VALUES
org.acra.collector.MediaCodecListCollector$CodecType: org.acra.collector.MediaCodecListCollector$CodecType[] values()
org.acra.collector.MediaCodecListCollector$CodecType: org.acra.collector.MediaCodecListCollector$CodecType valueOf(java.lang.String)
org.acra.collector.MediaCodecListCollector$CodecType: MediaCodecListCollector$CodecType(java.lang.String,int)
org.acra.collector.MediaCodecListCollector$CodecType: void <clinit>()
org.acra.collector.ReflectionCollector
org.acra.collector.ReflectionCollector: ReflectionCollector()
org.acra.collector.ReflectionCollector: java.lang.String collectConstants(java.lang.Class)
org.acra.collector.ReflectionCollector: java.lang.String collectStaticGettersResults(java.lang.Class)
org.acra.collector.SettingsCollector
org.acra.collector.SettingsCollector: SettingsCollector()
org.acra.collector.SettingsCollector: java.lang.String collectSystemSettings(android.content.Context)
org.acra.collector.SettingsCollector: java.lang.String collectSecureSettings(android.content.Context)
org.acra.collector.SettingsCollector: boolean isAuthorized(java.lang.reflect.Field)
org.acra.collector.SharedPreferencesCollector
org.acra.collector.SharedPreferencesCollector: SharedPreferencesCollector()
org.acra.collector.SharedPreferencesCollector: java.lang.String collect(android.content.Context)
org.acra.collector.SharedPreferencesCollector: boolean filteredKey(java.lang.String)
org.acra.collector.ThreadCollector
org.acra.collector.ThreadCollector: ThreadCollector()
org.acra.collector.ThreadCollector: java.lang.String collect(java.lang.Thread)
org.acra.log.ACRALog
org.acra.log.ACRALog: int v(java.lang.String,java.lang.String)
org.acra.log.ACRALog: int v(java.lang.String,java.lang.String,java.lang.Throwable)
org.acra.log.ACRALog: int d(java.lang.String,java.lang.String)
org.acra.log.ACRALog: int d(java.lang.String,java.lang.String,java.lang.Throwable)
org.acra.log.ACRALog: int i(java.lang.String,java.lang.String)
org.acra.log.ACRALog: int i(java.lang.String,java.lang.String,java.lang.Throwable)
org.acra.log.ACRALog: int w(java.lang.String,java.lang.String)
org.acra.log.ACRALog: int w(java.lang.String,java.lang.String,java.lang.Throwable)
org.acra.log.ACRALog: int w(java.lang.String,java.lang.Throwable)
org.acra.log.ACRALog: int e(java.lang.String,java.lang.String)
org.acra.log.ACRALog: int e(java.lang.String,java.lang.String,java.lang.Throwable)
org.acra.log.ACRALog: java.lang.String getStackTraceString(java.lang.Throwable)