NhacKhongLoi/proguard/mapping.txt
info.nkl.alpha.FragmentAlbumDetails -> info.nkl.alpha.a:
    android.app.ProgressDialog mSpinner -> P
    android.app.Activity mActivity -> Q
    android.view.View mainLayout -> R
    android.widget.ListView mlvSongs -> S
    info.nkl.adapter.AlbumDetailAdapter mAlbumDetailAdapter -> T
    android.widget.ImageView mImageCoverForeground -> U
    info.nkl.database.DatabaseQuery mDatabaseQuery -> V
    java.lang.String mAlbumId -> W
    org.json.JSONObject mAlbumDetailData -> X
    com.nostra13.universalimageloader.core.DisplayImageOptions mDisplayImageOptions -> Y
    boolean viewCreated -> Z
    java.util.WeakHashMap mMapImageViewToBitmap -> aa
    info.nkl.alpha.FragmentAlbumDetails$FragmentAlbumDetailListener mFragmentAlbumDetailListener -> ab
    android.widget.AdapterView$OnItemClickListener mOnItemClickListener -> ac
    com.nostra13.universalimageloader.core.assist.ImageLoadingListener mImageLoadingListener -> ad
    info.nkl.alpha.FragmentAlbumDetails getInstance(info.nkl.alpha.FragmentAlbumDetails$FragmentAlbumDetailListener) -> a
    void setData(info.nkl.alpha.FragmentAlbumDetails$FragmentAlbumDetailListener) -> b
    void onAttach(android.app.Activity) -> a
    void onDestroy() -> m
    android.view.View onCreateView(android.view.LayoutInflater,android.view.ViewGroup,android.os.Bundle) -> a
    void onViewCreated(android.view.View,android.os.Bundle) -> a
    void initUI() -> z
    void displayAlbum(java.lang.String) -> a
info.nkl.alpha.FragmentAlbumDetails$1 -> info.nkl.alpha.b:
    info.nkl.alpha.FragmentAlbumDetails this$0 -> a
    void onItemClick(android.widget.AdapterView,android.view.View,int,long) -> onItemClick
info.nkl.alpha.FragmentAlbumDetails$2 -> info.nkl.alpha.c:
    info.nkl.alpha.FragmentAlbumDetails this$0 -> a
    void onLoadingStarted(java.lang.String,android.view.View) -> a
    void onLoadingFailed(java.lang.String,android.view.View,com.nostra13.universalimageloader.core.assist.FailReason) -> a
    void onLoadingComplete(java.lang.String,android.view.View,android.graphics.Bitmap) -> a
    void onLoadingCancelled(java.lang.String,android.view.View) -> b
    info.nkl.alpha.FragmentAlbumDetails access$0(info.nkl.alpha.FragmentAlbumDetails$2) -> a
info.nkl.alpha.FragmentAlbumDetails$2$1 -> info.nkl.alpha.d:
    info.nkl.alpha.FragmentAlbumDetails$2 this$1 -> a
    android.graphics.Bitmap val$loadedImage -> b
    void run() -> run
    info.nkl.alpha.FragmentAlbumDetails$2 access$0(info.nkl.alpha.FragmentAlbumDetails$2$1) -> a
info.nkl.alpha.FragmentAlbumDetails$2$1$1 -> info.nkl.alpha.e:
    info.nkl.alpha.FragmentAlbumDetails$2$1 this$2 -> a
    android.graphics.Bitmap val$mBitmapCrop -> b
    void run() -> run
info.nkl.alpha.FragmentAlbumDetails$3 -> info.nkl.alpha.f:
    info.nkl.alpha.FragmentAlbumDetails this$0 -> a
    java.lang.String val$albumId -> b
    void run() -> run
info.nkl.alpha.FragmentAlbumDetails$DownloadAlbumRunnable -> info.nkl.alpha.g:
    java.lang.String mAlbumId -> a
    info.nkl.alpha.FragmentAlbumDetails this$0 -> b
    void run() -> run
    info.nkl.alpha.FragmentAlbumDetails access$0(info.nkl.alpha.FragmentAlbumDetails$DownloadAlbumRunnable) -> a
info.nkl.alpha.FragmentAlbumDetails$DownloadAlbumRunnable$1 -> info.nkl.alpha.h:
    info.nkl.alpha.FragmentAlbumDetails$DownloadAlbumRunnable this$1 -> a
    void run() -> run
info.nkl.alpha.FragmentAlbumDetails$DownloadAlbumRunnable$2 -> info.nkl.alpha.i:
    info.nkl.alpha.FragmentAlbumDetails$DownloadAlbumRunnable this$1 -> a
    org.json.JSONObject val$albumDetailData -> b
    void run() -> run
info.nkl.alpha.FragmentAlbumDetails$FragmentAlbumDetailListener -> info.nkl.alpha.j:
    void playSong(java.lang.String,org.json.JSONObject,int) -> a
    void onCreateUI(java.lang.String) -> a
...
android.support.v4.widget.EdgeEffectCompatIcs -> android.support.v4.d.e:
    void setSize(java.lang.Object,int,int) -> a
    boolean isFinished(java.lang.Object) -> a
    void finish(java.lang.Object) -> b
    boolean onPull(java.lang.Object,float) -> a
    boolean onRelease(java.lang.Object) -> c
    boolean draw(java.lang.Object,android.graphics.Canvas) -> a
com.google.ads.Ad -> com.google.ads.a:
com.google.ads.AdActivity -> com.google.ads.AdActivity:
    com.google.ads.internal.a a -> a
    java.lang.Object b -> b
    com.google.ads.AdActivity c -> c
    com.google.ads.internal.d d -> d
    com.google.ads.AdActivity e -> e
    com.google.ads.AdActivity f -> f
    com.google.ads.AdActivity$StaticMethodWrapper g -> g
    com.google.ads.internal.AdWebView h -> h
    android.widget.FrameLayout i -> i
    int j -> j
    android.view.ViewGroup k -> k
    boolean l -> l
    long m -> m
    android.widget.RelativeLayout n -> n
    com.google.ads.AdActivity o -> o
    boolean p -> p
    boolean q -> q
    boolean r -> r
    boolean s -> s
    com.google.ads.internal.AdVideoView t -> t
    android.view.View a(int,boolean) -> a
    void a(java.lang.String) -> a
    void a(java.lang.String,java.lang.Throwable) -> a
    com.google.ads.internal.AdVideoView getAdVideoView() -> a
    boolean isShowing() -> b
    boolean leftApplication() -> c
    void launchAdActivity(com.google.ads.internal.d,com.google.ads.internal.e) -> a
    void a(java.util.HashMap,com.google.ads.internal.d) -> a
    void a(com.google.ads.internal.d) -> a
    com.google.ads.internal.AdVideoView a(android.app.Activity) -> a
    void moveAdVideoView(int,int,int,int) -> a
    void newAdVideoView(int,int,int,int) -> b
    android.widget.RelativeLayout$LayoutParams a(int,int,int,int) -> c
    void onClick(android.view.View) -> onClick
com.google.ads.AdActivity$StaticMethodWrapper -> com.google.ads.b:
    boolean isShowing() -> a
    boolean leftApplication() -> b
    void launchAdActivity(com.google.ads.internal.d,com.google.ads.internal.e) -> a
com.google.ads.AdListener -> com.google.ads.c:
    void onReceiveAd(com.google.ads.Ad) -> a
    void onFailedToReceiveAd(com.google.ads.Ad,com.google.ads.AdRequest$ErrorCode) -> a
    void onPresentScreen(com.google.ads.Ad) -> b
    void onDismissScreen(com.google.ads.Ad) -> c
    void onLeaveApplication(com.google.ads.Ad) -> d
com.google.ads.AdRequest -> com.google.ads.d:
    java.text.SimpleDateFormat a -> b
    java.lang.reflect.Method b -> c
    java.lang.reflect.Method c -> d
    com.google.ads.AdRequest$Gender d -> e
    java.util.Date e -> f
    java.util.Set f -> g
    java.util.Map g -> h
    java.util.Map h -> i
    android.location.Location i -> j
    boolean j -> k
    boolean k -> l
    java.lang.String TEST_EMULATOR -> a
    java.util.Set l -> m
    com.google.ads.AdRequest setNetworkExtras(com.google.ads.mediation.NetworkExtras) -> a
    java.lang.Object getNetworkExtras(java.lang.Class) -> a
    java.util.Map getRequestMap(android.content.Context) -> a
    boolean isTestDevice(android.content.Context) -> b
com.google.ads.AdRequest$ErrorCode -> com.google.ads.e:
    com.google.ads.AdRequest$ErrorCode INVALID_REQUEST -> a
    com.google.ads.AdRequest$ErrorCode NO_FILL -> b
    com.google.ads.AdRequest$ErrorCode NETWORK_ERROR -> c
    com.google.ads.AdRequest$ErrorCode INTERNAL_ERROR -> d
    java.lang.String a -> e
    com.google.ads.AdRequest$ErrorCode[] b -> f
    com.google.ads.AdRequest$ErrorCode[] values() -> values
    com.google.ads.AdRequest$ErrorCode valueOf(java.lang.String) -> valueOf
    java.lang.String toString() -> toString